{"C:\\site fred\\E-commerce\\api_e-commerce\\src\\database.ts": {"path":"C:\\site fred\\E-commerce\\api_e-commerce\\src\\database.ts","statementMap":{"0":{"start":{"line":1,"column":0},"end":{"line":1,"column":26}},"1":{"start":{"line":3,"column":15},"end":{"line":5,"column":2}},"2":{"start":{"line":7,"column":0},"end":{"line":9,"column":null}},"3":{"start":{"line":11,"column":18},"end":{"line":16,"column":2}},"4":{"start":{"line":18,"column":0},"end":{"line":25,"column":null}},"5":{"start":{"line":20,"column":2},"end":{"line":24,"column":null}},"6":{"start":{"line":21,"column":4},"end":{"line":23,"column":6}},"7":{"start":{"line":26,"column":13},"end":{"line":26,"column":68}},"8":{"start":{"line":29,"column":0},"end":{"line":29,"column":20}}},"fnMap":{},"branchMap":{"0":{"loc":{"start":{"line":7,"column":0},"end":{"line":9,"column":null}},"type":"if","locations":[{"start":{"line":7,"column":0},"end":{"line":9,"column":null}}]},"1":{"loc":{"start":{"line":18,"column":0},"end":{"line":25,"column":null}},"type":"if","locations":[{"start":{"line":18,"column":0},"end":{"line":25,"column":null}}]},"2":{"loc":{"start":{"line":20,"column":2},"end":{"line":24,"column":null}},"type":"if","locations":[{"start":{"line":20,"column":2},"end":{"line":24,"column":null}}]},"3":{"loc":{"start":{"line":26,"column":22},"end":{"line":26,"column":67}},"type":"cond-expr","locations":[{"start":{"line":26,"column":49},"end":{"line":26,"column":55}},{"start":{"line":26,"column":58},"end":{"line":26,"column":67}}]}},"s":{"0":1,"1":1,"2":1,"3":1,"4":1,"5":0,"6":0,"7":1,"8":1},"f":{},"b":{"0":[0],"1":[0],"2":[0],"3":[1,0]}}
,"C:\\site fred\\E-commerce\\api_e-commerce\\src\\index.ts": {"path":"C:\\site fred\\E-commerce\\api_e-commerce\\src\\index.ts","statementMap":{"0":{"start":{"line":1,"column":0},"end":{"line":1,"column":33}},"1":{"start":{"line":2,"column":0},"end":{"line":2,"column":16}},"2":{"start":{"line":3,"column":0},"end":{"line":3,"column":30}},"3":{"start":{"line":4,"column":0},"end":{"line":4,"column":24}},"4":{"start":{"line":5,"column":0},"end":{"line":5,"column":28}},"5":{"start":{"line":6,"column":0},"end":{"line":6,"column":30}},"6":{"start":{"line":7,"column":0},"end":{"line":7,"column":54}},"7":{"start":{"line":8,"column":0},"end":{"line":8,"column":43}},"8":{"start":{"line":9,"column":13},"end":{"line":9,"column":37}},"9":{"start":{"line":10,"column":12},"end":{"line":10,"column":21}},"10":{"start":{"line":11,"column":0},"end":{"line":11,"column":16}},"11":{"start":{"line":12,"column":0},"end":{"line":12,"column":18}},"12":{"start":{"line":13,"column":0},"end":{"line":13,"column":24}},"13":{"start":{"line":14,"column":0},"end":{"line":14,"column":48}},"14":{"start":{"line":15,"column":32},"end":{"line":34,"column":2}},"15":{"start":{"line":36,"column":20},"end":{"line":36,"column":48}},"16":{"start":{"line":38,"column":0},"end":{"line":38,"column":68}},"17":{"start":{"line":39,"column":0},"end":{"line":39,"column":24}},"18":{"start":{"line":40,"column":15},"end":{"line":42,"column":2}},"19":{"start":{"line":41,"column":2},"end":{"line":41,"column":60}},"20":{"start":{"line":44,"column":0},"end":{"line":44,"column":22}}},"fnMap":{"0":{"name":"(anonymous_7)","decl":{"start":{"line":40,"column":32},"end":{"line":40,"column":35}},"loc":{"start":{"line":40,"column":37},"end":{"line":42,"column":1}}}},"branchMap":{"0":{"loc":{"start":{"line":9,"column":13},"end":{"line":9,"column":37}},"type":"binary-expr","locations":[{"start":{"line":9,"column":13},"end":{"line":9,"column":29}},{"start":{"line":9,"column":33},"end":{"line":9,"column":37}}]}},"s":{"0":1,"1":1,"2":1,"3":1,"4":1,"5":1,"6":1,"7":1,"8":1,"9":1,"10":1,"11":1,"12":1,"13":1,"14":1,"15":1,"16":1,"17":1,"18":1,"19":1,"20":1},"f":{"0":1},"b":{"0":[1,1]}}
,"C:\\site fred\\E-commerce\\api_e-commerce\\src\\router.ts": {"path":"C:\\site fred\\E-commerce\\api_e-commerce\\src\\router.ts","statementMap":{"0":{"start":{"line":1,"column":0},"end":{"line":1,"column":30}},"1":{"start":{"line":2,"column":0},"end":{"line":2,"column":47}},"2":{"start":{"line":5,"column":0},"end":{"line":5,"column":30}},"3":{"start":{"line":7,"column":15},"end":{"line":7,"column":31}},"4":{"start":{"line":17,"column":0},"end":{"line":25,"column":3}},"5":{"start":{"line":18,"column":2},"end":{"line":24,"column":5}},"6":{"start":{"line":19,"column":4},"end":{"line":23,"column":null}},"7":{"start":{"line":20,"column":6},"end":{"line":20,"column":23}},"8":{"start":{"line":22,"column":6},"end":{"line":22,"column":28}},"9":{"start":{"line":40,"column":0},"end":{"line":54,"column":3}},"10":{"start":{"line":41,"column":2},"end":{"line":53,"column":null}},"11":{"start":{"line":42,"column":21},"end":{"line":42,"column":44}},"12":{"start":{"line":43,"column":4},"end":{"line":50,"column":null}},"13":{"start":{"line":44,"column":6},"end":{"line":44,"column":28}},"14":{"start":{"line":45,"column":6},"end":{"line":45,"column":28}},"15":{"start":{"line":46,"column":6},"end":{"line":46,"column":71}},"16":{"start":{"line":48,"column":6},"end":{"line":48,"column":28}},"17":{"start":{"line":49,"column":6},"end":{"line":49,"column":35}},"18":{"start":{"line":52,"column":4},"end":{"line":52,"column":19}},"19":{"start":{"line":69,"column":0},"end":{"line":83,"column":3}},"20":{"start":{"line":70,"column":2},"end":{"line":82,"column":null}},"21":{"start":{"line":71,"column":21},"end":{"line":71,"column":44}},"22":{"start":{"line":72,"column":4},"end":{"line":79,"column":null}},"23":{"start":{"line":73,"column":6},"end":{"line":73,"column":28}},"24":{"start":{"line":74,"column":6},"end":{"line":74,"column":28}},"25":{"start":{"line":75,"column":6},"end":{"line":75,"column":74}},"26":{"start":{"line":77,"column":6},"end":{"line":77,"column":28}},"27":{"start":{"line":78,"column":6},"end":{"line":78,"column":38}},"28":{"start":{"line":81,"column":4},"end":{"line":81,"column":19}},"29":{"start":{"line":85,"column":0},"end":{"line":85,"column":22}}},"fnMap":{"0":{"name":"(anonymous_1)","decl":{"start":{"line":17,"column":16},"end":{"line":17,"column":17}},"loc":{"start":{"line":17,"column":29},"end":{"line":25,"column":1}}},"1":{"name":"(anonymous_2)","decl":{"start":{"line":18,"column":39},"end":{"line":18,"column":40}},"loc":{"start":{"line":18,"column":55},"end":{"line":24,"column":3}}},"2":{"name":"(anonymous_3)","decl":{"start":{"line":40,"column":22},"end":{"line":40,"column":23}},"loc":{"start":{"line":40,"column":35},"end":{"line":54,"column":1}}},"3":{"name":"(anonymous_4)","decl":{"start":{"line":69,"column":25},"end":{"line":69,"column":26}},"loc":{"start":{"line":69,"column":38},"end":{"line":83,"column":1}}}},"branchMap":{"0":{"loc":{"start":{"line":19,"column":4},"end":{"line":23,"column":null}},"type":"if","locations":[{"start":{"line":19,"column":4},"end":{"line":23,"column":null}},{"start":{"line":21,"column":11},"end":{"line":23,"column":null}}]},"1":{"loc":{"start":{"line":43,"column":4},"end":{"line":50,"column":null}},"type":"if","locations":[{"start":{"line":43,"column":4},"end":{"line":50,"column":null}},{"start":{"line":47,"column":11},"end":{"line":50,"column":null}}]},"2":{"loc":{"start":{"line":72,"column":4},"end":{"line":79,"column":null}},"type":"if","locations":[{"start":{"line":72,"column":4},"end":{"line":79,"column":null}},{"start":{"line":76,"column":11},"end":{"line":79,"column":null}}]}},"s":{"0":1,"1":1,"2":1,"3":1,"4":1,"5":1,"6":1,"7":0,"8":1,"9":1,"10":0,"11":0,"12":0,"13":0,"14":0,"15":0,"16":0,"17":0,"18":0,"19":1,"20":0,"21":0,"22":0,"23":0,"24":0,"25":0,"26":0,"27":0,"28":0,"29":1},"f":{"0":1,"1":1,"2":0,"3":0},"b":{"0":[0,1],"1":[0,0],"2":[0,0]}}
,"C:\\site fred\\E-commerce\\api_e-commerce\\src\\services\\joi.ts": {"path":"C:\\site fred\\E-commerce\\api_e-commerce\\src\\services\\joi.ts","statementMap":{"0":{"start":{"line":1,"column":0},"end":{"line":1,"column":22}},"1":{"start":{"line":22,"column":29},"end":{"line":32,"column":1}},"2":{"start":{"line":23,"column":17},"end":{"line":30,"column":4}},"3":{"start":{"line":31,"column":2},"end":{"line":31,"column":32}},"4":{"start":{"line":22,"column":13},"end":{"line":22,"column":29}}},"fnMap":{"0":{"name":"(anonymous_1)","decl":{"start":{"line":22,"column":29},"end":{"line":22,"column":30}},"loc":{"start":{"line":22,"column":47},"end":{"line":32,"column":1}}}},"branchMap":{},"s":{"0":1,"1":1,"2":0,"3":0,"4":1},"f":{"0":0},"b":{}}
}
